TN:
SF:js\basket\basket.js
FN:3,calculateTotal
FN:25,showAdverts
FN:32,searchBasket
FN:43,getBasketItem
FN:52,createBasketItem
FN:59,serializeBasketItemsToJson
FNF:6
FNH:0
FNDA:0,calculateTotal
FNDA:0,showAdverts
FNDA:0,searchBasket
FNDA:0,getBasketItem
FNDA:0,createBasketItem
FNDA:0,serializeBasketItemsToJson
DA:1,1
DA:4,0
DA:5,0
DA:6,0
DA:7,0
DA:9,0
DA:10,0
DA:11,0
DA:15,0
DA:18,0
DA:19,0
DA:22,0
DA:26,0
DA:27,0
DA:29,0
DA:33,0
DA:34,0
DA:35,0
DA:36,0
DA:37,0
DA:40,0
DA:44,0
DA:45,0
DA:46,0
DA:49,0
DA:53,0
DA:54,0
DA:56,0
DA:60,0
DA:61,0
DA:62,0
DA:64,0
DA:67,1
LF:33
LH:2
BRDA:3,0,0,0
BRDA:5,1,0,0
BRDA:5,1,1,0
BRDA:6,2,0,0
BRDA:6,2,1,0
BRDA:18,3,0,0
BRDA:18,3,1,0
BRDA:26,4,0,0
BRDA:26,4,1,0
BRDA:36,5,0,0
BRDA:36,5,1,0
BRDA:45,6,0,0
BRDA:45,6,1,0
BRDA:53,7,0,0
BRDA:53,7,1,0
BRF:15
BRH:0
end_of_record
TN:
SF:js\basket\basketitem.js
FN:3,(anonymous_0)
FN:8,(anonymous_1)
FNF:2
FNH:0
FNDA:0,(anonymous_0)
FNDA:0,(anonymous_1)
DA:4,0
DA:5,0
DA:9,0
DA:14,1
LF:4
LH:1
BRF:0
BRH:0
end_of_record
TN:
SF:js\error-handling\exceptions.js
FN:2,(anonymous_0)
FN:8,(anonymous_1)
FN:14,(anonymous_2)
FN:20,(anonymous_3)
FN:26,(anonymous_4)
FNF:5
FNH:0
FNDA:0,(anonymous_0)
FNDA:0,(anonymous_1)
FNDA:0,(anonymous_2)
FNDA:0,(anonymous_3)
FNDA:0,(anonymous_4)
DA:3,0
DA:9,0
DA:15,0
DA:21,0
DA:27,0
DA:32,5
LF:6
LH:1
BRF:0
BRH:0
end_of_record
TN:
SF:js\events\event.js
FN:4,(anonymous_0)
FN:14,isSoldOut
FN:18,getTagLine
FN:32,createEvent
FNF:4
FNH:0
FNDA:0,(anonymous_0)
FNDA:0,isSoldOut
FNDA:0,getTagLine
FNDA:0,createEvent
DA:1,4
DA:5,0
DA:6,0
DA:7,0
DA:8,0
DA:9,0
DA:10,0
DA:15,0
DA:19,0
DA:20,0
DA:21,0
DA:22,0
DA:23,0
DA:25,0
DA:26,0
DA:28,0
DA:33,0
DA:34,0
DA:37,0
DA:38,0
DA:41,0
DA:42,0
DA:45,0
DA:48,4
LF:24
LH:2
BRDA:19,0,0,0
BRDA:19,0,1,0
BRDA:21,1,0,0
BRDA:21,1,1,0
BRDA:22,2,0,0
BRDA:22,2,1,0
BRDA:25,3,0,0
BRDA:25,3,1,0
BRDA:33,4,0,0
BRDA:33,4,1,0
BRDA:33,5,0,0
BRDA:33,5,1,0
BRDA:37,6,0,0
BRDA:37,6,1,0
BRDA:37,7,0,0
BRDA:37,7,1,0
BRDA:41,8,0,0
BRDA:41,8,1,0
BRDA:41,9,0,0
BRDA:41,9,1,0
BRF:20
BRH:0
end_of_record
TN:
SF:js\events\filters.js
FN:1,today
FN:6,next7Days
FN:19,next30Days
FNF:3
FNH:0
FNDA:0,today
FNDA:0,next7Days
FNDA:0,next30Days
DA:2,0
DA:3,0
DA:7,0
DA:8,0
DA:10,0
DA:11,0
DA:12,0
DA:14,0
DA:16,0
DA:20,0
DA:21,0
DA:23,0
DA:24,0
DA:25,0
DA:27,0
DA:29,0
DA:32,1
LF:17
LH:1
BRDA:16,0,0,0
BRDA:16,0,1,0
BRDA:29,1,0,0
BRDA:29,1,1,0
BRF:4
BRH:0
end_of_record
TN:
SF:js\events\search.js
FN:1,getEvents
FNF:1
FNH:0
FNDA:0,getEvents
DA:2,0
DA:5,1
LF:2
LH:1
BRF:0
BRH:0
end_of_record
TN:
SF:js\promotions\promotions.js
FN:3,calculatePercentageDiscount
FN:11,calculateMoneyOff
FN:18,generateReferralCode
FN:24,applyDiscount
FNF:4
FNH:0
FNDA:0,calculatePercentageDiscount
FNDA:0,calculateMoneyOff
FNDA:0,generateReferralCode
FNDA:0,applyDiscount
DA:1,1
DA:4,0
DA:5,0
DA:6,0
DA:8,0
DA:12,0
DA:13,0
DA:15,0
DA:19,0
DA:21,0
DA:25,0
DA:27,0
DA:28,0
DA:30,0
DA:32,0
DA:35,0
DA:38,1
LF:17
LH:2
BRDA:4,0,0,0
BRDA:4,0,1,0
BRDA:12,1,0,0
BRDA:12,1,1,0
BRDA:27,2,0,0
BRDA:27,2,1,0
BRDA:28,3,0,0
BRDA:28,3,1,0
BRF:8
BRH:0
end_of_record
TN:
SF:js\promotions\discount\discount.js
FN:3,getDiscount
FNF:1
FNH:0
FNDA:0,getDiscount
DA:1,1
DA:4,0
DA:9,0
DA:12,1
LF:4
LH:2
BRF:0
BRH:0
end_of_record
TN:
SF:js\promotions\exchange\exchange.js
FN:3,getExchangeRate
FNF:1
FNH:0
FNDA:0,getExchangeRate
DA:1,0
DA:5,0
DA:6,0
DA:11,0
DA:16,0
LF:5
LH:0
BRF:0
BRH:0
end_of_record
TN:
SF:js\promotions\exchange\exchangeRateProvider.js
FN:1,callExchangeRateProvider
FNF:1
FNH:0
FNDA:0,callExchangeRateProvider
DA:5,0
DA:7,0
DA:9,0
DA:10,0
DA:12,0
DA:13,0
DA:15,0
DA:16,0
DA:18,0
DA:20,0
DA:22,0
LF:11
LH:0
BRDA:7,0,0,0
BRDA:7,0,1,0
BRDA:7,0,2,0
BRDA:7,0,3,0
BRF:4
BRH:0
end_of_record
TN:
SF:js\users\users.js
FN:2,(anonymous_0)
FN:8,userExists
FN:17,createUserId
FNF:3
FNH:0
FNDA:0,(anonymous_0)
FNDA:0,userExists
FNDA:0,createUserId
DA:3,0
DA:4,0
DA:5,0
DA:9,0
DA:11,0
DA:12,0
DA:14,0
DA:20,0
DA:23,2
LF:9
LH:1
BRDA:11,0,0,0
BRDA:11,0,1,0
BRF:2
BRH:0
end_of_record
TN:
SF:js\users\account\account.js
FN:6,(anonymous_0)
FN:13,isValidUserName
FN:23,createAccount
FN:28,(anonymous_3)
FN:41,getPastPurchases
FNF:5
FNH:4
FNDA:0,(anonymous_0)
FNDA:5,isValidUserName
FNDA:5,createAccount
FNDA:5,(anonymous_3)
FNDA:2,getPastPurchases
DA:1,2
DA:2,2
DA:3,2
DA:7,0
DA:8,0
DA:9,0
DA:15,5
DA:16,0
DA:19,5
DA:24,5
DA:25,0
DA:27,5
DA:28,5
DA:29,5
DA:30,3
DA:35,2
DA:42,2
DA:43,2
DA:44,1
DA:47,1
DA:51,2
LF:21
LH:16
BRDA:15,0,0,0
BRDA:15,0,1,5
BRDA:15,1,0,5
BRDA:15,1,1,5
BRDA:24,2,0,0
BRDA:24,2,1,5
BRDA:29,3,0,3
BRDA:29,3,1,2
BRDA:43,4,0,1
BRDA:43,4,1,1
BRF:10
BRH:8
end_of_record
TN:
SF:js\users\account\purchaseHistory\purchaseHistory.js
FN:3,getPurchaseHistory
FN:13,parsePurchaseResponse
FNF:2
FNH:0
FNDA:0,getPurchaseHistory
FNDA:0,parsePurchaseResponse
DA:1,1
DA:4,0
DA:5,0
DA:7,0
DA:8,0
DA:10,0
DA:14,0
DA:16,0
DA:17,0
DA:22,0
DA:25,1
LF:11
LH:2
BRF:0
BRH:0
end_of_record
